<?xml version="1.0" encoding="UTF-8"?>
<!-- Generated by org.testng.reporters.JUnitXMLReporter -->
<testsuite ignored="4" hostname="Naveen" failures="0" tests="3" name="Banking Test" time="192.384" errors="0" timestamp="2024-03-30T20:43:17 IST">
  <testcase classname="com.Guru99BankApplicationWebPagesTesting.Guru99Bank_LoginPageTest" name="LoginPageValidation" time="20.631"/>
  <testcase classname="com.Guru99BankApplicationWebPagesTesting.New_CustomerPage_Test" name="LoginDetails" time="88.058"/>
  <testcase classname="com.Guru99BankApplicationWebPagesTesting.EditCustomerPageTest" name="Test_Edit_customerPage" time="33.246"/>
  <testcase classname="com.BaseTest.BaseTest" name="@AfterTest tearDown" time="0.0">
    <ignored/>
  </testcase> <!-- @AfterTest tearDown -->
  <testcase classname="com.BaseTest.BaseTest" name="@BeforeTest setUp" time="0.0">
    <ignored/>
  </testcase> <!-- @BeforeTest setUp -->
  <testcase classname="com.BaseTest.BaseTest" name="@AfterTest tearDown" time="0.0">
    <ignored/>
  </testcase> <!-- @AfterTest tearDown -->
  <testcase classname="com.BaseTest.BaseTest" name="@BeforeTest setUp" time="0.0">
    <ignored/>
  </testcase> <!-- @BeforeTest setUp -->
</testsuite> <!-- Banking Test -->
