<?xml version="1.0" encoding="UTF-8"?>
<testng-results ignored="0" total="3" passed="3" failed="0" skipped="0">
  <reporter-output>
  </reporter-output>
  <suite started-at="2024-03-30T20:40:04 IST" name="InetBanking" finished-at="2024-03-30T20:43:17 IST" duration-ms="192384">
    <groups>
    </groups>
    <test started-at="2024-03-30T20:40:04 IST" name="Banking Test" finished-at="2024-03-30T20:43:17 IST" duration-ms="192384">
      <class name="com.Guru99BankApplicationWebPagesTesting.EditCustomerPageTest">
        <test-method signature="Test_Edit_customerPage()[pri:0, instance:com.Guru99BankApplicationWebPagesTesting.EditCustomerPageTest@3b69e7d1]" started-at="2024-03-30T20:42:43 IST" name="Test_Edit_customerPage" finished-at="2024-03-30T20:43:16 IST" duration-ms="33246" status="PASS">
          <reporter-output>
          </reporter-output>
        </test-method> <!-- Test_Edit_customerPage -->
      </class> <!-- com.Guru99BankApplicationWebPagesTesting.EditCustomerPageTest -->
      <class name="com.Guru99BankApplicationWebPagesTesting.New_CustomerPage_Test">
        <test-method signature="LoginDetails()[pri:1, instance:com.Guru99BankApplicationWebPagesTesting.New_CustomerPage_Test@7586beff]" started-at="2024-03-30T20:41:15 IST" name="LoginDetails" finished-at="2024-03-30T20:42:43 IST" duration-ms="88058" status="PASS">
          <reporter-output>
          </reporter-output>
        </test-method> <!-- LoginDetails -->
      </class> <!-- com.Guru99BankApplicationWebPagesTesting.New_CustomerPage_Test -->
      <class name="com.Guru99BankApplicationWebPagesTesting.Guru99Bank_LoginPageTest">
        <test-method is-config="true" signature="setUp()[pri:0, instance:com.Guru99BankApplicationWebPagesTesting.Guru99Bank_LoginPageTest@40a4337a]" started-at="2024-03-30T20:40:05 IST" name="setUp" finished-at="2024-03-30T20:40:54 IST" duration-ms="49470" status="PASS">
          <reporter-output>
          </reporter-output>
        </test-method> <!-- setUp -->
        <test-method signature="LoginPageValidation()[pri:1, instance:com.Guru99BankApplicationWebPagesTesting.Guru99Bank_LoginPageTest@40a4337a]" started-at="2024-03-30T20:40:54 IST" name="LoginPageValidation" finished-at="2024-03-30T20:41:15 IST" duration-ms="20631" status="PASS">
          <reporter-output>
          </reporter-output>
        </test-method> <!-- LoginPageValidation -->
        <test-method is-config="true" signature="tearDown()[pri:0, instance:com.Guru99BankApplicationWebPagesTesting.Guru99Bank_LoginPageTest@40a4337a]" started-at="2024-03-30T20:43:16 IST" name="tearDown" finished-at="2024-03-30T20:43:17 IST" duration-ms="512" status="PASS">
          <reporter-output>
          </reporter-output>
        </test-method> <!-- tearDown -->
      </class> <!-- com.Guru99BankApplicationWebPagesTesting.Guru99Bank_LoginPageTest -->
    </test> <!-- Banking Test -->
  </suite> <!-- InetBanking -->
</testng-results>
